{
  "hash" : "e7105c43ada45c9f6e0006854ef1a1d95249231d",
  "plugins" : {
    "total" : {
      "statistic" : {
        "total" : 7,
        "passed" : 1,
        "pending" : 0,
        "canceled" : 1,
        "failed" : 0,
        "broken" : 5
      },
      "time" : {
        "start" : 1542884396908,
        "stop" : 1542884439031,
        "duration" : 42123
      }
    },
    "defects" : {
      "totalCount" : 5,
      "items" : [ {
        "count" : 1,
        "uid" : "f5bf372714d324fd",
        "message" : "WebDriverException: newSession\nBuild info: version: '3.13.0', revision: '2f0d292', time: '2018-06-25T15:24:21.231Z'\nSystem info: host: 'Lopata.local', ip: 'fe80:0:0:0:18af:be51:a605:8b73%en0', os.name: 'Mac OS X', os.arch: 'x86_64', os.version: '10.13.4', java.version: '1.8.0_161'\nDriver info: driver.version: FirefoxDriver\nremote stacktrace: WebDriverError@chrome://marionette/content/error.js:178:5\nUnknownCommandError@chrome://marionette/content/error.js:472:5\ndespatch@chrome://marionette/content/server.js:290:13\nexecute@chrome://marionette/content/server.js:271:11\nonPacket/<@chrome://marionette/content/server.js:246:15\nonPacket@chrome://marionette/content/server.js:245:8\n_onJSONObjectReady/<@chrome://marionette/content/transport.js:490:9\n",
        "status" : "BROKEN"
      }, {
        "count" : 1,
        "uid" : "fd5138d10981a944",
        "message" : "NullPointerException: null",
        "status" : "BROKEN"
      }, {
        "count" : 1,
        "uid" : "bd9cbba032d7e119",
        "message" : "NoSuchElementException: no such element: Unable to locate element: {\"method\":\"xpath\",\"selector\":\"(.//*[normalize-space(text()) and normalize-space(.)='Step Back'])[1]/following::button[1]\"}\n  (Session info: chrome=70.0.3538.102)\n  (Driver info: chromedriver=2.37.544337 (8c0344a12e552148c185f7d5117db1f28d6c9e85),platform=Mac OS X 10.13.4 x86_64) (WARNING: The server did not provide any stacktrace information)\nCommand duration or timeout: 0 milliseconds\nFor documentation on this error, please visit: http://seleniumhq.org/exceptions/no_such_element.html\nBuild info: version: '3.13.0', revision: '2f0d292', time: '2018-06-25T15:24:21.231Z'\nSystem info: host: 'Lopata.local', ip: 'fe80:0:0:0:18af:be51:a605:8b73%en0', os.name: 'Mac OS X', os.arch: 'x86_64', os.version: '10.13.4', java.version: '1.8.0_161'\nDriver info: org.openqa.selenium.chrome.ChromeDriver\nCapabilities {acceptInsecureCerts: false, acceptSslCerts: false, applicationCacheEnabled: false, browserConnectionEnabled: false, browserName: chrome, chrome: {chromedriverVersion: 2.37.544337 (8c0344a12e5521..., userDataDir: /var/folders/tb/dd6p0sw92fs...}, cssSelectorsEnabled: true, databaseEnabled: false, handlesAlerts: true, hasTouchScreen: false, javascriptEnabled: true, locationContextEnabled: true, mobileEmulationEnabled: false, nativeEvents: true, networkConnectionEnabled: false, pageLoadStrategy: normal, platform: MAC, platformName: MAC, rotatable: false, setWindowRect: true, takesHeapSnapshot: true, takesScreenshot: true, unexpectedAlertBehaviour: , unhandledPromptBehavior: , version: 70.0.3538.102, webStorageEnabled: true}\nSession ID: 8f6262355659d216ef14d811c5e3b773\n*** Element info: {Using=xpath, value=(.//*[normalize-space(text()) and normalize-space(.)='Step Back'])[1]/following::button[1]}",
        "status" : "BROKEN"
      }, {
        "count" : 1,
        "uid" : "e3a47fd8c6daf908",
        "message" : "NoSuchElementException: no such element: Unable to locate element: {\"method\":\"xpath\",\"selector\":\"(.//*[normalize-space(text()) and normalize-space(.)='Step Back'])[1]/following::button[1]\"}\n  (Session info: chrome=70.0.3538.102)\n  (Driver info: chromedriver=2.37.544337 (8c0344a12e552148c185f7d5117db1f28d6c9e85),platform=Mac OS X 10.13.4 x86_64) (WARNING: The server did not provide any stacktrace information)\nCommand duration or timeout: 0 milliseconds\nFor documentation on this error, please visit: http://seleniumhq.org/exceptions/no_such_element.html\nBuild info: version: '3.13.0', revision: '2f0d292', time: '2018-06-25T15:24:21.231Z'\nSystem info: host: 'Lopata.local', ip: 'fe80:0:0:0:18af:be51:a605:8b73%en0', os.name: 'Mac OS X', os.arch: 'x86_64', os.version: '10.13.4', java.version: '1.8.0_161'\nDriver info: org.openqa.selenium.chrome.ChromeDriver\nCapabilities {acceptInsecureCerts: false, acceptSslCerts: false, applicationCacheEnabled: false, browserConnectionEnabled: false, browserName: chrome, chrome: {chromedriverVersion: 2.37.544337 (8c0344a12e5521..., userDataDir: /var/folders/tb/dd6p0sw92fs...}, cssSelectorsEnabled: true, databaseEnabled: false, handlesAlerts: true, hasTouchScreen: false, javascriptEnabled: true, locationContextEnabled: true, mobileEmulationEnabled: false, nativeEvents: true, networkConnectionEnabled: false, pageLoadStrategy: normal, platform: MAC, platformName: MAC, rotatable: false, setWindowRect: true, takesHeapSnapshot: true, takesScreenshot: true, unexpectedAlertBehaviour: , unhandledPromptBehavior: , version: 70.0.3538.102, webStorageEnabled: true}\nSession ID: faf53c5db7aeb12f02bb04732489b3a3\n*** Element info: {Using=xpath, value=(.//*[normalize-space(text()) and normalize-space(.)='Step Back'])[1]/following::button[1]}",
        "status" : "BROKEN"
      }, {
        "count" : 1,
        "uid" : "c8ea8327d85a9bfe",
        "message" : "NoSuchElementException: no such element: Unable to locate element: {\"method\":\"xpath\",\"selector\":\"(.//*[normalize-space(text()) and normalize-space(.)='Step Back'])[1]/following::button[1]\"}\n  (Session info: chrome=70.0.3538.102)\n  (Driver info: chromedriver=2.37.544337 (8c0344a12e552148c185f7d5117db1f28d6c9e85),platform=Mac OS X 10.13.4 x86_64) (WARNING: The server did not provide any stacktrace information)\nCommand duration or timeout: 0 milliseconds\nFor documentation on this error, please visit: http://seleniumhq.org/exceptions/no_such_element.html\nBuild info: version: '3.13.0', revision: '2f0d292', time: '2018-06-25T15:24:21.231Z'\nSystem info: host: 'Lopata.local', ip: 'fe80:0:0:0:18af:be51:a605:8b73%en0', os.name: 'Mac OS X', os.arch: 'x86_64', os.version: '10.13.4', java.version: '1.8.0_161'\nDriver info: org.openqa.selenium.chrome.ChromeDriver\nCapabilities {acceptInsecureCerts: false, acceptSslCerts: false, applicationCacheEnabled: false, browserConnectionEnabled: false, browserName: chrome, chrome: {chromedriverVersion: 2.37.544337 (8c0344a12e5521..., userDataDir: /var/folders/tb/dd6p0sw92fs...}, cssSelectorsEnabled: true, databaseEnabled: false, handlesAlerts: true, hasTouchScreen: false, javascriptEnabled: true, locationContextEnabled: true, mobileEmulationEnabled: false, nativeEvents: true, networkConnectionEnabled: false, pageLoadStrategy: normal, platform: MAC, platformName: MAC, rotatable: false, setWindowRect: true, takesHeapSnapshot: true, takesScreenshot: true, unexpectedAlertBehaviour: , unhandledPromptBehavior: , version: 70.0.3538.102, webStorageEnabled: true}\nSession ID: 56803bb65cda0d40ffc81a51c9556ffc\n*** Element info: {Using=xpath, value=(.//*[normalize-space(text()) and normalize-space(.)='Step Back'])[1]/following::button[1]}",
        "status" : "BROKEN"
      } ]
    },
    "xunit" : {
      "totalCount" : 1,
      "items" : [ {
        "uid" : "78d294a625f566f2",
        "title" : "Gradle suite : Gradle test",
        "statistic" : {
          "total" : 7,
          "passed" : 1,
          "pending" : 0,
          "canceled" : 1,
          "failed" : 0,
          "broken" : 5
        }
      } ]
    },
    "behaviors" : {
      "totalCount" : 1,
      "items" : [ {
        "title" : "Without feature",
        "statistic" : {
          "total" : 7,
          "passed" : 1,
          "pending" : 0,
          "canceled" : 1,
          "failed" : 0,
          "broken" : 5
        }
      } ]
    },
    "environment" : [ ]
  }
}