<?xml version="1.0" encoding="UTF-8" standalone="yes"?>
<ns2:test-suite start="1543320502474" stop="1543320533097" version="1.4.24.RC3" xmlns:ns2="urn:model.allure.qatools.yandex.ru">
    <name>Default Suite : InnerZone</name>
    <title>Default Suite : InnerZone</title>
    <test-cases>
        <test-case start="1543320506159" stop="1543320533094" status="broken">
            <name>testCreateUser</name>
            <failure>
                <message>Test was interrupted</message>
            </failure>
            <labels>
                <label name="testSuite" value="Default Suite"/>
                <label name="testGroup" value="InnerZone"/>
                <label name="testClass" value="testframe.tests.CreateUser"/>
                <label name="testMethod" value="testCreateUser"/>
                <label name="host" value="Lopata.local"/>
                <label name="thread" value="65277@Lopata.local.main(1)"/>
            </labels>
        </test-case>
        <test-case start="1543320502474" stop="1543320533095" status="broken">
            <name>Default Suite : InnerZone</name>
            <title>Default Suite : InnerZone</title>
            <failure>
                <message>Test suite was interrupted, some test cases may be lost</message>
            </failure>
        </test-case>
    </test-cases>
    <labels>
        <label name="framework" value="TestNG"/>
        <label name="language" value="JAVA"/>
    </labels>
</ns2:test-suite>
